<?xml version="1.0" encoding="UTF-8"?>
<!-- Generated by org.testng.reporters.JUnitXMLReporter -->
<testsuite ignored="0" hostname="DESKTOP-4L6TF0K" failures="0" tests="8" name="Default test" time="30.358" errors="0" timestamp="2025-09-30T11:38:37 EET">
  <testcase classname="productstore.testcases" name="AddNewRecord" time="0.077"/>
  <testcase classname="productstore.testcases" name="updateData" time="0.009"/>
  <testcase classname="productstore.testcases" name="ReadData" time="0.056"/>
  <testcase classname="productstore.testcases" name="deleteData" time="0.049"/>
  <testcase classname="productstore.testcases" name="signup" time="10.615"/>
  <testcase classname="productstore.testcases" name="login" time="0.506"/>
  <testcase classname="productstore.testcases" name="additems" time="10.788"/>
  <testcase classname="productstore.testcases" name="removeitem" time="5.799"/>
</testsuite> <!-- Default test -->
