<?xml version="1.0" encoding="UTF-8"?>
<testng-results ignored="0" total="8" passed="8" failed="0" skipped="0">
  <reporter-output>
  </reporter-output>
  <suite started-at="2025-09-30T11:38:07 EET" name="Default suite" finished-at="2025-09-30T11:38:37 EET" duration-ms="30358">
    <groups>
    </groups>
    <test started-at="2025-09-30T11:38:07 EET" name="Default test" finished-at="2025-09-30T11:38:37 EET" duration-ms="30358">
      <class name="productstore.testcases">
        <test-method is-config="true" signature="geturl()[pri:0, instance:productstore.testcases@2c7b5824]" started-at="2025-09-30T11:38:07 EET" name="geturl" finished-at="2025-09-30T11:38:09 EET" duration-ms="2385" status="PASS">
          <reporter-output>
          </reporter-output>
        </test-method> <!-- geturl -->
        <test-method signature="AddNewRecord()[pri:1, instance:productstore.testcases@2c7b5824]" started-at="2025-09-30T11:38:09 EET" name="AddNewRecord" finished-at="2025-09-30T11:38:09 EET" duration-ms="77" status="PASS">
          <reporter-output>
          </reporter-output>
        </test-method> <!-- AddNewRecord -->
        <test-method signature="updateData()[pri:2, instance:productstore.testcases@2c7b5824]" started-at="2025-09-30T11:38:09 EET" name="updateData" finished-at="2025-09-30T11:38:09 EET" duration-ms="9" status="PASS">
          <reporter-output>
          </reporter-output>
        </test-method> <!-- updateData -->
        <test-method signature="ReadData()[pri:3, instance:productstore.testcases@2c7b5824]" started-at="2025-09-30T11:38:09 EET" name="ReadData" finished-at="2025-09-30T11:38:09 EET" duration-ms="56" status="PASS">
          <reporter-output>
          </reporter-output>
        </test-method> <!-- ReadData -->
        <test-method signature="deleteData()[pri:4, instance:productstore.testcases@2c7b5824]" started-at="2025-09-30T11:38:09 EET" name="deleteData" finished-at="2025-09-30T11:38:09 EET" duration-ms="49" status="PASS">
          <reporter-output>
          </reporter-output>
        </test-method> <!-- deleteData -->
        <test-method signature="signup()[pri:5, instance:productstore.testcases@2c7b5824]" started-at="2025-09-30T11:38:09 EET" name="signup" finished-at="2025-09-30T11:38:20 EET" duration-ms="10615" status="PASS">
          <reporter-output>
          </reporter-output>
        </test-method> <!-- signup -->
        <test-method signature="login()[pri:6, instance:productstore.testcases@2c7b5824]" started-at="2025-09-30T11:38:20 EET" name="login" finished-at="2025-09-30T11:38:21 EET" duration-ms="506" status="PASS">
          <reporter-output>
          </reporter-output>
        </test-method> <!-- login -->
        <test-method signature="additems()[pri:7, instance:productstore.testcases@2c7b5824]" started-at="2025-09-30T11:38:21 EET" name="additems" finished-at="2025-09-30T11:38:31 EET" duration-ms="10788" status="PASS">
          <reporter-output>
          </reporter-output>
        </test-method> <!-- additems -->
        <test-method signature="removeitem()[pri:8, instance:productstore.testcases@2c7b5824]" started-at="2025-09-30T11:38:31 EET" name="removeitem" finished-at="2025-09-30T11:38:37 EET" duration-ms="5799" status="PASS">
          <reporter-output>
          </reporter-output>
        </test-method> <!-- removeitem -->
      </class> <!-- productstore.testcases -->
    </test> <!-- Default test -->
  </suite> <!-- Default suite -->
</testng-results>
